2024-03-26 10:30:09,300 [Worker-3: Loading available Gradle versions] INFO  o.e.b.c.i.u.g.PublishedGradleVersions - Gradle version information cache is up-to-date. Trying to read.
2024-03-26 10:30:42,487 [Worker-0: Importing Maven projects] INFO  o.e.m.c.i.l.LifecycleMappingFactory - Using org.eclipse.m2e.jdt.JarLifecycleMapping lifecycle mapping for MavenProject: com.beginner:pdfGenerate:0.0.1-SNAPSHOT @ C:\Users\amish\Documents\Zip File\pdfGenerate\pdfGenerate\pom.xml.
2024-03-26 10:30:52,285 [Worker-0: Importing Maven projects] INFO  o.e.m.j.i.AbstractJavaProjectConfigurator - Adding source folder /pdfGenerate/src/main/java
2024-03-26 10:30:52,285 [Worker-0: Importing Maven projects] INFO  o.e.m.j.i.AbstractJavaProjectConfigurator - Adding resource folder /pdfGenerate/src/main/resources
2024-03-26 10:30:52,316 [Worker-0: Importing Maven projects] INFO  o.e.m.j.i.AbstractJavaProjectConfigurator - Adding resource folder /pdfGenerate/src/main/resources
2024-03-26 10:30:52,335 [Worker-0: Importing Maven projects] INFO  o.e.m.j.i.AbstractJavaProjectConfigurator - Adding source folder /pdfGenerate/src/test/java
2024-03-26 10:30:52,335 [Worker-0: Importing Maven projects] INFO  o.e.m.j.i.AbstractJavaProjectConfigurator - Adding resource folder /pdfGenerate/src/test/resources
2024-03-26 10:30:52,786 [Worker-0: Importing Maven projects] INFO  o.e.m.c.i.p.ProjectConfigurationManager - Imported and configured 1 project(s) in 24 sec
2024-03-26 10:30:54,737 [Worker-7: Building] INFO  o.a.m.s.f.DefaultMavenResourcesFiltering - Copying 1 resource from src\main\resources to target\classes
2024-03-26 10:30:54,766 [Worker-7: Building] INFO  o.a.m.s.f.DefaultMavenResourcesFiltering - Copying 0 resource from src\main\resources to target\classes
2024-03-26 10:30:54,773 [Worker-7: Building] INFO  o.a.m.s.f.DefaultMavenResourcesFiltering - skip non existing resourceDirectory C:\Users\amish\Documents\Zip File\pdfGenerate\pdfGenerate\src\test\resources
2024-03-26 10:34:36,185 [Worker-9: Building] INFO  o.a.m.s.f.DefaultMavenResourcesFiltering - Copying 1 resource from src\main\resources to target\classes
2024-03-26 10:34:36,194 [Worker-9: Building] INFO  o.a.m.s.f.DefaultMavenResourcesFiltering - Copying 0 resource from src\main\resources to target\classes
2024-03-26 10:34:36,201 [Worker-9: Building] INFO  o.a.m.s.f.DefaultMavenResourcesFiltering - skip non existing resourceDirectory C:\Users\amish\Documents\Zip File\pdfGenerate\pdfGenerate\src\test\resources
2024-03-26 12:18:48,651 [main] INFO  o.e.m2e.actions.ExecutePomAction - Creating new launch configuration
2024-03-26 12:19:07,220 [Worker-18: Launching pdfGenerate] INFO  o.eclipse.m2e.core.internal.Bundles - getClasspathEntries(Bundle=org.eclipse.m2e.maven.runtime_3.9.500.20231113-2345 [295])
2024-03-26 12:19:07,316 [Worker-18: Launching pdfGenerate] INFO  o.eclipse.m2e.core.internal.Bundles - 	Entry: C:\Users\amish\.p2\pool\plugins\org.eclipse.m2e.maven.runtime_3.9.500.20231113-2345
2024-03-26 12:19:07,317 [Worker-18: Launching pdfGenerate] INFO  o.eclipse.m2e.core.internal.Bundles - 	Entry: C:\Users\amish\.p2\pool\plugins\org.eclipse.m2e.maven.runtime_3.9.500.20231113-2345\jars\aopalliance-1.0.jar
2024-03-26 12:19:07,318 [Worker-18: Launching pdfGenerate] INFO  o.eclipse.m2e.core.internal.Bundles - 	Entry: C:\Users\amish\.p2\pool\plugins\org.eclipse.m2e.maven.runtime_3.9.500.20231113-2345\jars\guice-5.1.0.jar
2024-03-26 12:19:07,318 [Worker-18: Launching pdfGenerate] INFO  o.eclipse.m2e.core.internal.Bundles - 	Entry: C:\Users\amish\.p2\pool\plugins\org.eclipse.m2e.maven.runtime_3.9.500.20231113-2345\jars\httpclient-4.5.14.jar
2024-03-26 12:19:07,318 [Worker-18: Launching pdfGenerate] INFO  o.eclipse.m2e.core.internal.Bundles - 	Entry: C:\Users\amish\.p2\pool\plugins\org.eclipse.m2e.maven.runtime_3.9.500.20231113-2345\jars\httpcore-4.4.16.jar
2024-03-26 12:19:07,319 [Worker-18: Launching pdfGenerate] INFO  o.eclipse.m2e.core.internal.Bundles - 	Entry: C:\Users\amish\.p2\pool\plugins\org.eclipse.m2e.maven.runtime_3.9.500.20231113-2345\jars\jansi-2.4.0.jar
2024-03-26 12:19:07,319 [Worker-18: Launching pdfGenerate] INFO  o.eclipse.m2e.core.internal.Bundles - 	Entry: C:\Users\amish\.p2\pool\plugins\org.eclipse.m2e.maven.runtime_3.9.500.20231113-2345\jars\jcl-over-slf4j-1.7.36.jar
2024-03-26 12:19:07,319 [Worker-18: Launching pdfGenerate] INFO  o.eclipse.m2e.core.internal.Bundles - 	Entry: C:\Users\amish\.p2\pool\plugins\org.eclipse.m2e.maven.runtime_3.9.500.20231113-2345\jars\maven-artifact-3.9.5.jar
2024-03-26 12:19:07,319 [Worker-18: Launching pdfGenerate] INFO  o.eclipse.m2e.core.internal.Bundles - 	Entry: C:\Users\amish\.p2\pool\plugins\org.eclipse.m2e.maven.runtime_3.9.500.20231113-2345\jars\maven-builder-support-3.9.5.jar
2024-03-26 12:19:07,319 [Worker-18: Launching pdfGenerate] INFO  o.eclipse.m2e.core.internal.Bundles - 	Entry: C:\Users\amish\.p2\pool\plugins\org.eclipse.m2e.maven.runtime_3.9.500.20231113-2345\jars\maven-compat-3.9.5.jar
2024-03-26 12:19:07,320 [Worker-18: Launching pdfGenerate] INFO  o.eclipse.m2e.core.internal.Bundles - 	Entry: C:\Users\amish\.p2\pool\plugins\org.eclipse.m2e.maven.runtime_3.9.500.20231113-2345\jars\maven-core-3.9.5.jar
2024-03-26 12:19:07,320 [Worker-18: Launching pdfGenerate] INFO  o.eclipse.m2e.core.internal.Bundles - 	Entry: C:\Users\amish\.p2\pool\plugins\org.eclipse.m2e.maven.runtime_3.9.500.20231113-2345\jars\maven-embedder-3.9.5.jar
2024-03-26 12:19:07,320 [Worker-18: Launching pdfGenerate] INFO  o.eclipse.m2e.core.internal.Bundles - 	Entry: C:\Users\amish\.p2\pool\plugins\org.eclipse.m2e.maven.runtime_3.9.500.20231113-2345\jars\maven-model-3.9.5.jar
2024-03-26 12:19:07,320 [Worker-18: Launching pdfGenerate] INFO  o.eclipse.m2e.core.internal.Bundles - 	Entry: C:\Users\amish\.p2\pool\plugins\org.eclipse.m2e.maven.runtime_3.9.500.20231113-2345\jars\maven-model-builder-3.9.5.jar
2024-03-26 12:19:07,320 [Worker-18: Launching pdfGenerate] INFO  o.eclipse.m2e.core.internal.Bundles - 	Entry: C:\Users\amish\.p2\pool\plugins\org.eclipse.m2e.maven.runtime_3.9.500.20231113-2345\jars\maven-plugin-api-3.9.5.jar
2024-03-26 12:19:07,320 [Worker-18: Launching pdfGenerate] INFO  o.eclipse.m2e.core.internal.Bundles - 	Entry: C:\Users\amish\.p2\pool\plugins\org.eclipse.m2e.maven.runtime_3.9.500.20231113-2345\jars\maven-repository-metadata-3.9.5.jar
2024-03-26 12:19:07,321 [Worker-18: Launching pdfGenerate] INFO  o.eclipse.m2e.core.internal.Bundles - 	Entry: C:\Users\amish\.p2\pool\plugins\org.eclipse.m2e.maven.runtime_3.9.500.20231113-2345\jars\maven-resolver-api-1.9.16.jar
2024-03-26 12:19:07,321 [Worker-18: Launching pdfGenerate] INFO  o.eclipse.m2e.core.internal.Bundles - 	Entry: C:\Users\amish\.p2\pool\plugins\org.eclipse.m2e.maven.runtime_3.9.500.20231113-2345\jars\maven-resolver-connector-basic-1.9.16.jar
2024-03-26 12:19:07,321 [Worker-18: Launching pdfGenerate] INFO  o.eclipse.m2e.core.internal.Bundles - 	Entry: C:\Users\amish\.p2\pool\plugins\org.eclipse.m2e.maven.runtime_3.9.500.20231113-2345\jars\maven-resolver-impl-1.9.16.jar
2024-03-26 12:19:07,321 [Worker-18: Launching pdfGenerate] INFO  o.eclipse.m2e.core.internal.Bundles - 	Entry: C:\Users\amish\.p2\pool\plugins\org.eclipse.m2e.maven.runtime_3.9.500.20231113-2345\jars\maven-resolver-named-locks-1.9.16.jar
2024-03-26 12:19:07,321 [Worker-18: Launching pdfGenerate] INFO  o.eclipse.m2e.core.internal.Bundles - 	Entry: C:\Users\amish\.p2\pool\plugins\org.eclipse.m2e.maven.runtime_3.9.500.20231113-2345\jars\maven-resolver-provider-3.9.5.jar
2024-03-26 12:19:07,321 [Worker-18: Launching pdfGenerate] INFO  o.eclipse.m2e.core.internal.Bundles - 	Entry: C:\Users\amish\.p2\pool\plugins\org.eclipse.m2e.maven.runtime_3.9.500.20231113-2345\jars\maven-resolver-spi-1.9.16.jar
2024-03-26 12:19:07,321 [Worker-18: Launching pdfGenerate] INFO  o.eclipse.m2e.core.internal.Bundles - 	Entry: C:\Users\amish\.p2\pool\plugins\org.eclipse.m2e.maven.runtime_3.9.500.20231113-2345\jars\maven-resolver-transport-file-1.9.16.jar
2024-03-26 12:19:07,322 [Worker-18: Launching pdfGenerate] INFO  o.eclipse.m2e.core.internal.Bundles - 	Entry: C:\Users\amish\.p2\pool\plugins\org.eclipse.m2e.maven.runtime_3.9.500.20231113-2345\jars\maven-resolver-transport-http-1.9.16.jar
2024-03-26 12:19:07,322 [Worker-18: Launching pdfGenerate] INFO  o.eclipse.m2e.core.internal.Bundles - 	Entry: C:\Users\amish\.p2\pool\plugins\org.eclipse.m2e.maven.runtime_3.9.500.20231113-2345\jars\maven-resolver-transport-wagon-1.9.16.jar
2024-03-26 12:19:07,322 [Worker-18: Launching pdfGenerate] INFO  o.eclipse.m2e.core.internal.Bundles - 	Entry: C:\Users\amish\.p2\pool\plugins\org.eclipse.m2e.maven.runtime_3.9.500.20231113-2345\jars\maven-resolver-util-1.9.16.jar
2024-03-26 12:19:07,322 [Worker-18: Launching pdfGenerate] INFO  o.eclipse.m2e.core.internal.Bundles - 	Entry: C:\Users\amish\.p2\pool\plugins\org.eclipse.m2e.maven.runtime_3.9.500.20231113-2345\jars\maven-settings-3.9.5.jar
2024-03-26 12:19:07,322 [Worker-18: Launching pdfGenerate] INFO  o.eclipse.m2e.core.internal.Bundles - 	Entry: C:\Users\amish\.p2\pool\plugins\org.eclipse.m2e.maven.runtime_3.9.500.20231113-2345\jars\maven-settings-builder-3.9.5.jar
2024-03-26 12:19:07,322 [Worker-18: Launching pdfGenerate] INFO  o.eclipse.m2e.core.internal.Bundles - 	Entry: C:\Users\amish\.p2\pool\plugins\org.eclipse.m2e.maven.runtime_3.9.500.20231113-2345\jars\maven-shared-utils-3.3.4.jar
2024-03-26 12:19:07,323 [Worker-18: Launching pdfGenerate] INFO  o.eclipse.m2e.core.internal.Bundles - 	Entry: C:\Users\amish\.p2\pool\plugins\org.eclipse.m2e.maven.runtime_3.9.500.20231113-2345\jars\org.eclipse.sisu.inject-0.3.5.jar
2024-03-26 12:19:07,323 [Worker-18: Launching pdfGenerate] INFO  o.eclipse.m2e.core.internal.Bundles - 	Entry: C:\Users\amish\.p2\pool\plugins\org.eclipse.m2e.maven.runtime_3.9.500.20231113-2345\jars\org.eclipse.sisu.plexus-0.3.5.jar
2024-03-26 12:19:07,323 [Worker-18: Launching pdfGenerate] INFO  o.eclipse.m2e.core.internal.Bundles - 	Entry: C:\Users\amish\.p2\pool\plugins\org.eclipse.m2e.maven.runtime_3.9.500.20231113-2345\jars\plexus-build-api-0.0.7.jar
2024-03-26 12:19:07,323 [Worker-18: Launching pdfGenerate] INFO  o.eclipse.m2e.core.internal.Bundles - 	Entry: C:\Users\amish\.p2\pool\plugins\org.eclipse.m2e.maven.runtime_3.9.500.20231113-2345\jars\plexus-cipher-2.0.jar
2024-03-26 12:19:07,323 [Worker-18: Launching pdfGenerate] INFO  o.eclipse.m2e.core.internal.Bundles - 	Entry: C:\Users\amish\.p2\pool\plugins\org.eclipse.m2e.maven.runtime_3.9.500.20231113-2345\jars\plexus-classworlds-2.7.0.jar
2024-03-26 12:19:07,323 [Worker-18: Launching pdfGenerate] INFO  o.eclipse.m2e.core.internal.Bundles - 	Entry: C:\Users\amish\.p2\pool\plugins\org.eclipse.m2e.maven.runtime_3.9.500.20231113-2345\jars\plexus-component-annotations-2.1.0.jar
2024-03-26 12:19:07,323 [Worker-18: Launching pdfGenerate] INFO  o.eclipse.m2e.core.internal.Bundles - 	Entry: C:\Users\amish\.p2\pool\plugins\org.eclipse.m2e.maven.runtime_3.9.500.20231113-2345\jars\plexus-interpolation-1.26.jar
2024-03-26 12:19:07,324 [Worker-18: Launching pdfGenerate] INFO  o.eclipse.m2e.core.internal.Bundles - 	Entry: C:\Users\amish\.p2\pool\plugins\org.eclipse.m2e.maven.runtime_3.9.500.20231113-2345\jars\plexus-sec-dispatcher-2.0.jar
2024-03-26 12:19:07,324 [Worker-18: Launching pdfGenerate] INFO  o.eclipse.m2e.core.internal.Bundles - 	Entry: C:\Users\amish\.p2\pool\plugins\org.eclipse.m2e.maven.runtime_3.9.500.20231113-2345\jars\plexus-utils-3.5.1.jar
2024-03-26 12:19:07,324 [Worker-18: Launching pdfGenerate] INFO  o.eclipse.m2e.core.internal.Bundles - 	Entry: C:\Users\amish\.p2\pool\plugins\org.eclipse.m2e.maven.runtime_3.9.500.20231113-2345\jars\wagon-file-3.5.3.jar
2024-03-26 12:19:07,324 [Worker-18: Launching pdfGenerate] INFO  o.eclipse.m2e.core.internal.Bundles - 	Entry: C:\Users\amish\.p2\pool\plugins\org.eclipse.m2e.maven.runtime_3.9.500.20231113-2345\jars\wagon-http-3.5.3.jar
2024-03-26 12:19:07,324 [Worker-18: Launching pdfGenerate] INFO  o.eclipse.m2e.core.internal.Bundles - 	Entry: C:\Users\amish\.p2\pool\plugins\org.eclipse.m2e.maven.runtime_3.9.500.20231113-2345\jars\wagon-http-shared-3.5.3.jar
2024-03-26 12:19:07,324 [Worker-18: Launching pdfGenerate] INFO  o.eclipse.m2e.core.internal.Bundles - 	Entry: C:\Users\amish\.p2\pool\plugins\org.eclipse.m2e.maven.runtime_3.9.500.20231113-2345\jars\wagon-provider-api-3.5.3.jar
2024-03-26 12:19:07,344 [Worker-18: Launching pdfGenerate] INFO  o.eclipse.m2e.core.internal.Bundles - getClasspathEntries(Bundle=com.google.guava_32.1.3.jre [10])
2024-03-26 12:19:07,345 [Worker-18: Launching pdfGenerate] INFO  o.eclipse.m2e.core.internal.Bundles - 	Entry: C:\Users\amish\.p2\pool\plugins\com.google.guava_32.1.3.jre.jar
2024-03-26 12:19:07,346 [Worker-18: Launching pdfGenerate] INFO  o.eclipse.m2e.core.internal.Bundles - getClasspathEntries(Bundle=slf4j.api_2.0.11 [515])
2024-03-26 12:19:07,346 [Worker-18: Launching pdfGenerate] INFO  o.eclipse.m2e.core.internal.Bundles - 	Entry: C:\Users\amish\.p2\pool\plugins\slf4j.api_2.0.11.jar
2024-03-26 12:19:07,346 [Worker-18: Launching pdfGenerate] INFO  o.eclipse.m2e.core.internal.Bundles - getClasspathEntries(Bundle=jakarta.inject.jakarta.inject-api_1.0.5 [22])
2024-03-26 12:19:07,347 [Worker-18: Launching pdfGenerate] INFO  o.eclipse.m2e.core.internal.Bundles - 	Entry: C:\Users\amish\.p2\pool\plugins\jakarta.inject.jakarta.inject-api_1.0.5.jar
2024-03-26 12:19:07,347 [Worker-18: Launching pdfGenerate] INFO  o.eclipse.m2e.core.internal.Bundles - getClasspathEntries(Bundle=jakarta.annotation-api_1.3.5 [20])
2024-03-26 12:19:07,348 [Worker-18: Launching pdfGenerate] INFO  o.eclipse.m2e.core.internal.Bundles - 	Entry: C:\Users\amish\.p2\pool\plugins\jakarta.annotation-api_1.3.5.jar
2024-03-26 12:19:07,348 [Worker-18: Launching pdfGenerate] INFO  o.eclipse.m2e.core.internal.Bundles - getClasspathEntries(Bundle=org.apache.commons.cli_1.6.0 [46])
2024-03-26 12:19:07,402 [Worker-18: Launching pdfGenerate] INFO  o.eclipse.m2e.core.internal.Bundles - 	Entry: C:\Users\amish\.p2\pool\plugins\org.apache.commons.cli_1.6.0.jar
2024-03-26 12:19:07,403 [Worker-18: Launching pdfGenerate] INFO  o.eclipse.m2e.core.internal.Bundles - getClasspathEntries(Bundle=org.apache.commons.commons-codec_1.16.0 [48])
2024-03-26 12:19:07,404 [Worker-18: Launching pdfGenerate] INFO  o.eclipse.m2e.core.internal.Bundles - 	Entry: C:\Users\amish\.p2\pool\plugins\org.apache.commons.commons-codec_1.16.0.jar
2024-03-26 12:19:07,404 [Worker-18: Launching pdfGenerate] INFO  o.eclipse.m2e.core.internal.Bundles - getClasspathEntries(Bundle=org.apache.commons.lang3_3.13.0 [53])
2024-03-26 12:19:07,413 [Worker-18: Launching pdfGenerate] INFO  o.eclipse.m2e.core.internal.Bundles - 	Entry: C:\Users\amish\.p2\pool\plugins\org.apache.commons.lang3_3.13.0.jar
2024-03-26 12:19:07,413 [Worker-18: Launching pdfGenerate] INFO  o.eclipse.m2e.core.internal.Bundles - getClasspathEntries(Bundle=com.google.guava.failureaccess_1.0.2 [11])
2024-03-26 12:19:07,414 [Worker-18: Launching pdfGenerate] INFO  o.eclipse.m2e.core.internal.Bundles - 	Entry: C:\Users\amish\.p2\pool\plugins\com.google.guava.failureaccess_1.0.2.jar
2024-03-26 12:19:07,494 [Worker-18: Launching pdfGenerate] INFO  o.e.m.i.launch.MavenLaunchDelegate - Run build in "C:\Users\amish\Documents\Zip File\pdfGenerate\pdfGenerate":
2024-03-26 12:19:07,495 [Worker-18: Launching pdfGenerate] INFO  o.e.m.i.launch.MavenLaunchDelegate -  mvn  -B -U -Dmaven.test.skip=true -DskipTests -Dstyle.color=always clean install
2024-03-26 13:27:21,014 [Worker-0: Loading available Gradle versions] INFO  o.e.b.c.i.u.g.PublishedGradleVersions - Gradle version information cache is up-to-date. Trying to read.
2024-03-26 16:03:08,877 [Worker-0: Loading available Gradle versions] INFO  o.e.b.c.i.u.g.PublishedGradleVersions - Gradle version information cache is up-to-date. Trying to read.
